kmcg 2020-05-22 15:49:59,595 [http-nio-8182-exec-3] [DEBUG] [HongBaoController-getOpenId] - ivtick=1
kmcg 2020-05-22 15:49:59,596 [http-nio-8182-exec-3] [DEBUG] [HongBaoController-getOpenId] - u_openid=2
kmcg 2020-05-22 15:49:59,596 [http-nio-8182-exec-3] [DEBUG] [HongBaoController-getOpenId] - encdata=3
kmcg 2020-05-22 15:49:59,596 [http-nio-8182-exec-3] [DEBUG] [HongBaoController-getOpenId] - tel=4
kmcg 2020-05-22 15:58:40,350 [restartedMain] [INFO ] [KmcgApplication-logStarting] - Starting KmcgApplication on ZFZ with PID 4088 (D:\IdeaWorkSpace\kmcg\target\classes started by Administrator in D:\IdeaWorkSpace\kmcg)
kmcg 2020-05-22 15:58:40,351 [restartedMain] [DEBUG] [KmcgApplication-logStarting] - Running with Spring Boot v2.2.6.RELEASE, Spring v5.2.5.RELEASE
kmcg 2020-05-22 15:58:40,351 [restartedMain] [INFO ] [KmcgApplication-logStartupProfileInfo] - No active profile set, falling back to default profiles: default
kmcg 2020-05-22 15:58:41,131 [restartedMain] [INFO ] [KmcgApplication-logStarted] - Started KmcgApplication in 0.848 seconds (JVM running for 619.502)
kmcg 2020-05-22 15:58:46,926 [restartedMain] [INFO ] [KmcgApplication-logStarting] - Starting KmcgApplication on ZFZ with PID 4088 (D:\IdeaWorkSpace\kmcg\target\classes started by Administrator in D:\IdeaWorkSpace\kmcg)
kmcg 2020-05-22 15:58:46,926 [restartedMain] [DEBUG] [KmcgApplication-logStarting] - Running with Spring Boot v2.2.6.RELEASE, Spring v5.2.5.RELEASE
kmcg 2020-05-22 15:58:46,926 [restartedMain] [INFO ] [KmcgApplication-logStartupProfileInfo] - No active profile set, falling back to default profiles: default
kmcg 2020-05-22 15:58:47,809 [restartedMain] [INFO ] [KmcgApplication-logStarted] - Started KmcgApplication in 0.921 seconds (JVM running for 626.18)
kmcg 2020-05-22 15:58:50,888 [main] [INFO ] [KmcgApplicationTests-logStarting] - Starting KmcgApplicationTests on ZFZ with PID 1104 (started by Administrator in D:\IdeaWorkSpace\kmcg)
kmcg 2020-05-22 15:58:50,890 [main] [DEBUG] [KmcgApplicationTests-logStarting] - Running with Spring Boot v2.2.6.RELEASE, Spring v5.2.5.RELEASE
kmcg 2020-05-22 15:58:50,891 [main] [INFO ] [KmcgApplicationTests-logStartupProfileInfo] - No active profile set, falling back to default profiles: default
kmcg 2020-05-22 15:59:00,331 [main] [INFO ] [KmcgApplicationTests-logStarted] - Started KmcgApplicationTests in 10.358 seconds (JVM running for 11.829)
kmcg 2020-05-22 16:07:08,312 [restartedMain] [INFO ] [KmcgApplication-logStarting] - Starting KmcgApplication on ZFZ with PID 10264 (D:\IdeaWorkSpace\kmcg\target\classes started by Administrator in D:\IdeaWorkSpace\kmcg)
kmcg 2020-05-22 16:07:08,315 [restartedMain] [DEBUG] [KmcgApplication-logStarting] - Running with Spring Boot v2.2.6.RELEASE, Spring v5.2.5.RELEASE
kmcg 2020-05-22 16:07:08,316 [restartedMain] [INFO ] [KmcgApplication-logStartupProfileInfo] - No active profile set, falling back to default profiles: default
kmcg 2020-05-22 16:07:13,337 [restartedMain] [INFO ] [KmcgApplication-logStarted] - Started KmcgApplication in 5.988 seconds (JVM running for 8.893)
kmcg 2020-05-22 16:09:05,690 [http-nio-8185-exec-4] [DEBUG] [IndexController-paiming] - float=31.546
kmcg 2020-05-22 16:09:05,691 [http-nio-8185-exec-4] [DEBUG] [IndexController-paiming] - {date=2020-05-22 09:25:35.0, rownum=1.0, score=10, id=1, time=31.546, user_id=1}
kmcg 2020-05-22 16:09:23,508 [restartedMain] [INFO ] [KmcgApplication-logStarting] - Starting KmcgApplication on ZFZ with PID 10264 (D:\IdeaWorkSpace\kmcg\target\classes started by Administrator in D:\IdeaWorkSpace\kmcg)
kmcg 2020-05-22 16:09:23,508 [restartedMain] [DEBUG] [KmcgApplication-logStarting] - Running with Spring Boot v2.2.6.RELEASE, Spring v5.2.5.RELEASE
kmcg 2020-05-22 16:09:23,508 [restartedMain] [INFO ] [KmcgApplication-logStartupProfileInfo] - No active profile set, falling back to default profiles: default
kmcg 2020-05-22 16:09:24,611 [restartedMain] [INFO ] [KmcgApplication-logStarted] - Started KmcgApplication in 1.18 seconds (JVM running for 140.163)
kmcg 2020-05-22 16:09:27,755 [restartedMain] [INFO ] [KmcgApplication-logStarting] - Starting KmcgApplication on ZFZ with PID 10264 (D:\IdeaWorkSpace\kmcg\target\classes started by Administrator in D:\IdeaWorkSpace\kmcg)
kmcg 2020-05-22 16:09:27,756 [restartedMain] [DEBUG] [KmcgApplication-logStarting] - Running with Spring Boot v2.2.6.RELEASE, Spring v5.2.5.RELEASE
kmcg 2020-05-22 16:09:27,756 [restartedMain] [INFO ] [KmcgApplication-logStartupProfileInfo] - No active profile set, falling back to default profiles: default
kmcg 2020-05-22 16:09:28,759 [restartedMain] [INFO ] [KmcgApplication-logStarted] - Started KmcgApplication in 1.066 seconds (JVM running for 144.312)
kmcg 2020-05-22 16:09:29,733 [main] [INFO ] [KmcgApplicationTests-logStarting] - Starting KmcgApplicationTests on ZFZ with PID 11060 (started by Administrator in D:\IdeaWorkSpace\kmcg)
kmcg 2020-05-22 16:09:29,736 [main] [DEBUG] [KmcgApplicationTests-logStarting] - Running with Spring Boot v2.2.6.RELEASE, Spring v5.2.5.RELEASE
kmcg 2020-05-22 16:09:29,740 [main] [INFO ] [KmcgApplicationTests-logStartupProfileInfo] - No active profile set, falling back to default profiles: default
kmcg 2020-05-22 16:09:35,446 [main] [INFO ] [KmcgApplicationTests-logStarted] - Started KmcgApplicationTests in 6.224 seconds (JVM running for 7.244)
kmcg 2020-05-22 16:21:24,204 [restartedMain] [INFO ] [KmcgApplication-logStarting] - Starting KmcgApplication on ZFZ with PID 10264 (D:\IdeaWorkSpace\kmcg\target\classes started by Administrator in D:\IdeaWorkSpace\kmcg)
kmcg 2020-05-22 16:21:24,204 [restartedMain] [DEBUG] [KmcgApplication-logStarting] - Running with Spring Boot v2.2.6.RELEASE, Spring v5.2.5.RELEASE
kmcg 2020-05-22 16:21:24,204 [restartedMain] [INFO ] [KmcgApplication-logStartupProfileInfo] - No active profile set, falling back to default profiles: default
kmcg 2020-05-22 16:21:25,089 [restartedMain] [INFO ] [KmcgApplication-logStarted] - Started KmcgApplication in 0.929 seconds (JVM running for 860.622)
kmcg 2020-05-22 16:21:27,065 [restartedMain] [INFO ] [KmcgApplication-logStarting] - Starting KmcgApplication on ZFZ with PID 10264 (D:\IdeaWorkSpace\kmcg\target\classes started by Administrator in D:\IdeaWorkSpace\kmcg)
kmcg 2020-05-22 16:21:27,065 [restartedMain] [DEBUG] [KmcgApplication-logStarting] - Running with Spring Boot v2.2.6.RELEASE, Spring v5.2.5.RELEASE
kmcg 2020-05-22 16:21:27,065 [restartedMain] [INFO ] [KmcgApplication-logStartupProfileInfo] - No active profile set, falling back to default profiles: default
kmcg 2020-05-22 16:21:28,109 [restartedMain] [INFO ] [KmcgApplication-logStarted] - Started KmcgApplication in 1.088 seconds (JVM running for 863.643)
kmcg 2020-05-22 16:21:29,370 [main] [INFO ] [KmcgApplicationTests-logStarting] - Starting KmcgApplicationTests on ZFZ with PID 10504 (started by Administrator in D:\IdeaWorkSpace\kmcg)
kmcg 2020-05-22 16:21:29,372 [main] [DEBUG] [KmcgApplicationTests-logStarting] - Running with Spring Boot v2.2.6.RELEASE, Spring v5.2.5.RELEASE
kmcg 2020-05-22 16:21:29,375 [main] [INFO ] [KmcgApplicationTests-logStartupProfileInfo] - No active profile set, falling back to default profiles: default
kmcg 2020-05-22 16:21:35,878 [main] [INFO ] [KmcgApplicationTests-logStarted] - Started KmcgApplicationTests in 7.067 seconds (JVM running for 8.123)
kmcg 2020-05-22 16:31:27,892 [restartedMain] [INFO ] [KmcgApplication-logStarting] - Starting KmcgApplication on ZFZ with PID 10264 (D:\IdeaWorkSpace\kmcg\target\classes started by Administrator in D:\IdeaWorkSpace\kmcg)
kmcg 2020-05-22 16:31:27,892 [restartedMain] [DEBUG] [KmcgApplication-logStarting] - Running with Spring Boot v2.2.6.RELEASE, Spring v5.2.5.RELEASE
kmcg 2020-05-22 16:31:27,893 [restartedMain] [INFO ] [KmcgApplication-logStartupProfileInfo] - No active profile set, falling back to default profiles: default
kmcg 2020-05-22 16:31:28,939 [restartedMain] [INFO ] [KmcgApplication-logStarted] - Started KmcgApplication in 1.109 seconds (JVM running for 1464.457)
kmcg 2020-05-22 16:31:31,667 [main] [INFO ] [KmcgApplicationTests-logStarting] - Starting KmcgApplicationTests on ZFZ with PID 12564 (started by Administrator in D:\IdeaWorkSpace\kmcg)
kmcg 2020-05-22 16:31:31,668 [main] [DEBUG] [KmcgApplicationTests-logStarting] - Running with Spring Boot v2.2.6.RELEASE, Spring v5.2.5.RELEASE
kmcg 2020-05-22 16:31:31,671 [main] [INFO ] [KmcgApplicationTests-logStartupProfileInfo] - No active profile set, falling back to default profiles: default
kmcg 2020-05-22 16:31:36,653 [main] [INFO ] [KmcgApplicationTests-logStarted] - Started KmcgApplicationTests in 5.553 seconds (JVM running for 6.516)
kmcg 2020-05-22 16:34:22,425 [restartedMain] [INFO ] [KmcgApplication-logStarting] - Starting KmcgApplication on ZFZ with PID 10264 (D:\IdeaWorkSpace\kmcg\target\classes started by Administrator in D:\IdeaWorkSpace\kmcg)
kmcg 2020-05-22 16:34:22,425 [restartedMain] [DEBUG] [KmcgApplication-logStarting] - Running with Spring Boot v2.2.6.RELEASE, Spring v5.2.5.RELEASE
kmcg 2020-05-22 16:34:22,425 [restartedMain] [INFO ] [KmcgApplication-logStartupProfileInfo] - No active profile set, falling back to default profiles: default
kmcg 2020-05-22 16:34:23,365 [restartedMain] [INFO ] [KmcgApplication-logStarted] - Started KmcgApplication in 0.977 seconds (JVM running for 1638.878)
kmcg 2020-05-22 16:34:30,287 [restartedMain] [INFO ] [KmcgApplication-logStarting] - Starting KmcgApplication on ZFZ with PID 10264 (D:\IdeaWorkSpace\kmcg\target\classes started by Administrator in D:\IdeaWorkSpace\kmcg)
kmcg 2020-05-22 16:34:30,287 [restartedMain] [DEBUG] [KmcgApplication-logStarting] - Running with Spring Boot v2.2.6.RELEASE, Spring v5.2.5.RELEASE
kmcg 2020-05-22 16:34:30,288 [restartedMain] [INFO ] [KmcgApplication-logStartupProfileInfo] - No active profile set, falling back to default profiles: default
kmcg 2020-05-22 16:34:31,211 [restartedMain] [INFO ] [KmcgApplication-logStarted] - Started KmcgApplication in 0.956 seconds (JVM running for 1646.724)
kmcg 2020-05-22 16:34:33,076 [restartedMain] [INFO ] [KmcgApplication-logStarting] - Starting KmcgApplication on ZFZ with PID 10264 (D:\IdeaWorkSpace\kmcg\target\classes started by Administrator in D:\IdeaWorkSpace\kmcg)
kmcg 2020-05-22 16:34:33,076 [restartedMain] [DEBUG] [KmcgApplication-logStarting] - Running with Spring Boot v2.2.6.RELEASE, Spring v5.2.5.RELEASE
kmcg 2020-05-22 16:34:33,077 [restartedMain] [INFO ] [KmcgApplication-logStartupProfileInfo] - No active profile set, falling back to default profiles: default
kmcg 2020-05-22 16:34:34,223 [restartedMain] [INFO ] [KmcgApplication-logStarted] - Started KmcgApplication in 1.177 seconds (JVM running for 1649.736)
kmcg 2020-05-22 16:34:34,613 [main] [INFO ] [KmcgApplicationTests-logStarting] - Starting KmcgApplicationTests on ZFZ with PID 12996 (started by Administrator in D:\IdeaWorkSpace\kmcg)
kmcg 2020-05-22 16:34:34,614 [main] [DEBUG] [KmcgApplicationTests-logStarting] - Running with Spring Boot v2.2.6.RELEASE, Spring v5.2.5.RELEASE
kmcg 2020-05-22 16:34:34,615 [main] [INFO ] [KmcgApplicationTests-logStartupProfileInfo] - No active profile set, falling back to default profiles: default
kmcg 2020-05-22 16:34:39,144 [main] [INFO ] [KmcgApplicationTests-logStarted] - Started KmcgApplicationTests in 5.093 seconds (JVM running for 6.141)
kmcg 2020-05-22 16:37:51,516 [http-nio-8185-exec-4] [INFO ] [HongBaoController-getOpenId] - ivtick=null
kmcg 2020-05-22 16:37:51,517 [http-nio-8185-exec-4] [INFO ] [HongBaoController-getOpenId] - u_openid=null
kmcg 2020-05-22 16:37:51,518 [http-nio-8185-exec-4] [INFO ] [HongBaoController-getOpenId] - encdata=null
kmcg 2020-05-22 16:37:51,518 [http-nio-8185-exec-4] [INFO ] [HongBaoController-getOpenId] - tel=null
kmcg 2020-05-22 16:39:32,937 [restartedMain] [INFO ] [KmcgApplication-logStarting] - Starting KmcgApplication on ZFZ with PID 10264 (D:\IdeaWorkSpace\kmcg\target\classes started by Administrator in D:\IdeaWorkSpace\kmcg)
kmcg 2020-05-22 16:39:32,938 [restartedMain] [DEBUG] [KmcgApplication-logStarting] - Running with Spring Boot v2.2.6.RELEASE, Spring v5.2.5.RELEASE
kmcg 2020-05-22 16:39:32,938 [restartedMain] [INFO ] [KmcgApplication-logStartupProfileInfo] - No active profile set, falling back to default profiles: default
kmcg 2020-05-22 16:39:33,920 [restartedMain] [INFO ] [KmcgApplication-logStarted] - Started KmcgApplication in 1.118 seconds (JVM running for 1949.426)
kmcg 2020-05-22 16:39:52,570 [restartedMain] [INFO ] [KmcgApplication-logStarting] - Starting KmcgApplication on ZFZ with PID 10264 (D:\IdeaWorkSpace\kmcg\target\classes started by Administrator in D:\IdeaWorkSpace\kmcg)
kmcg 2020-05-22 16:39:52,570 [restartedMain] [DEBUG] [KmcgApplication-logStarting] - Running with Spring Boot v2.2.6.RELEASE, Spring v5.2.5.RELEASE
kmcg 2020-05-22 16:39:52,571 [restartedMain] [INFO ] [KmcgApplication-logStartupProfileInfo] - No active profile set, falling back to default profiles: default
kmcg 2020-05-22 16:39:53,516 [restartedMain] [INFO ] [KmcgApplication-logStarted] - Started KmcgApplication in 1.009 seconds (JVM running for 1969.021)
kmcg 2020-05-22 16:39:55,984 [main] [INFO ] [KmcgApplicationTests-logStarting] - Starting KmcgApplicationTests on ZFZ with PID 11712 (started by Administrator in D:\IdeaWorkSpace\kmcg)
kmcg 2020-05-22 16:39:55,989 [main] [DEBUG] [KmcgApplicationTests-logStarting] - Running with Spring Boot v2.2.6.RELEASE, Spring v5.2.5.RELEASE
kmcg 2020-05-22 16:39:55,991 [main] [INFO ] [KmcgApplicationTests-logStartupProfileInfo] - No active profile set, falling back to default profiles: default
kmcg 2020-05-22 16:40:00,803 [main] [INFO ] [KmcgApplicationTests-logStarted] - Started KmcgApplicationTests in 5.339 seconds (JVM running for 6.296)
kmcg 2020-05-22 16:43:18,529 [restartedMain] [INFO ] [KmcgApplication-logStarting] - Starting KmcgApplication on ZFZ with PID 10264 (D:\IdeaWorkSpace\kmcg\target\classes started by Administrator in D:\IdeaWorkSpace\kmcg)
kmcg 2020-05-22 16:43:18,529 [restartedMain] [DEBUG] [KmcgApplication-logStarting] - Running with Spring Boot v2.2.6.RELEASE, Spring v5.2.5.RELEASE
kmcg 2020-05-22 16:43:18,529 [restartedMain] [INFO ] [KmcgApplication-logStartupProfileInfo] - No active profile set, falling back to default profiles: default
kmcg 2020-05-22 16:43:19,535 [restartedMain] [INFO ] [KmcgApplication-logStarted] - Started KmcgApplication in 1.043 seconds (JVM running for 2175.034)
kmcg 2020-05-22 16:43:21,342 [restartedMain] [INFO ] [KmcgApplication-logStarting] - Starting KmcgApplication on ZFZ with PID 10264 (D:\IdeaWorkSpace\kmcg\target\classes started by Administrator in D:\IdeaWorkSpace\kmcg)
kmcg 2020-05-22 16:43:21,342 [restartedMain] [DEBUG] [KmcgApplication-logStarting] - Running with Spring Boot v2.2.6.RELEASE, Spring v5.2.5.RELEASE
kmcg 2020-05-22 16:43:21,342 [restartedMain] [INFO ] [KmcgApplication-logStartupProfileInfo] - No active profile set, falling back to default profiles: default
kmcg 2020-05-22 16:43:22,363 [restartedMain] [INFO ] [KmcgApplication-logStarted] - Started KmcgApplication in 1.059 seconds (JVM running for 2177.863)
kmcg 2020-05-22 16:43:23,198 [main] [INFO ] [KmcgApplicationTests-logStarting] - Starting KmcgApplicationTests on ZFZ with PID 8124 (started by Administrator in D:\IdeaWorkSpace\kmcg)
kmcg 2020-05-22 16:43:23,200 [main] [DEBUG] [KmcgApplicationTests-logStarting] - Running with Spring Boot v2.2.6.RELEASE, Spring v5.2.5.RELEASE
kmcg 2020-05-22 16:43:23,203 [main] [INFO ] [KmcgApplicationTests-logStartupProfileInfo] - No active profile set, falling back to default profiles: default
kmcg 2020-05-22 16:43:27,808 [main] [INFO ] [KmcgApplicationTests-logStarted] - Started KmcgApplicationTests in 5.209 seconds (JVM running for 6.449)
kmcg 2020-05-22 16:53:00,178 [restartedMain] [INFO ] [KmcgApplication-logStarting] - Starting KmcgApplication on ZFZ with PID 10264 (D:\IdeaWorkSpace\kmcg\target\classes started by Administrator in D:\IdeaWorkSpace\kmcg)
kmcg 2020-05-22 16:53:00,178 [restartedMain] [DEBUG] [KmcgApplication-logStarting] - Running with Spring Boot v2.2.6.RELEASE, Spring v5.2.5.RELEASE
kmcg 2020-05-22 16:53:00,178 [restartedMain] [INFO ] [KmcgApplication-logStartupProfileInfo] - No active profile set, falling back to default profiles: default
kmcg 2020-05-22 16:53:02,214 [restartedMain] [INFO ] [KmcgApplication-logStarted] - Started KmcgApplication in 2.07 seconds (JVM running for 2757.698)
kmcg 2020-05-22 16:53:07,650 [main] [INFO ] [KmcgApplicationTests-logStarting] - Starting KmcgApplicationTests on ZFZ with PID 10468 (started by Administrator in D:\IdeaWorkSpace\kmcg)
kmcg 2020-05-22 16:53:07,652 [main] [DEBUG] [KmcgApplicationTests-logStarting] - Running with Spring Boot v2.2.6.RELEASE, Spring v5.2.5.RELEASE
kmcg 2020-05-22 16:53:07,653 [main] [INFO ] [KmcgApplicationTests-logStartupProfileInfo] - No active profile set, falling back to default profiles: default
kmcg 2020-05-22 16:53:15,149 [main] [INFO ] [KmcgApplicationTests-logStarted] - Started KmcgApplicationTests in 8.201 seconds (JVM running for 9.642)
kmcg 2020-05-22 16:54:41,852 [restartedMain] [INFO ] [KmcgApplication-logStarting] - Starting KmcgApplication on ZFZ with PID 10264 (D:\IdeaWorkSpace\kmcg\target\classes started by Administrator in D:\IdeaWorkSpace\kmcg)
kmcg 2020-05-22 16:54:41,852 [restartedMain] [DEBUG] [KmcgApplication-logStarting] - Running with Spring Boot v2.2.6.RELEASE, Spring v5.2.5.RELEASE
kmcg 2020-05-22 16:54:41,852 [restartedMain] [INFO ] [KmcgApplication-logStartupProfileInfo] - No active profile set, falling back to default profiles: default
kmcg 2020-05-22 16:54:42,812 [restartedMain] [INFO ] [KmcgApplication-logStarted] - Started KmcgApplication in 0.995 seconds (JVM running for 2858.294)
kmcg 2020-05-22 16:54:44,538 [restartedMain] [INFO ] [KmcgApplication-logStarting] - Starting KmcgApplication on ZFZ with PID 10264 (D:\IdeaWorkSpace\kmcg\target\classes started by Administrator in D:\IdeaWorkSpace\kmcg)
kmcg 2020-05-22 16:54:44,538 [restartedMain] [DEBUG] [KmcgApplication-logStarting] - Running with Spring Boot v2.2.6.RELEASE, Spring v5.2.5.RELEASE
kmcg 2020-05-22 16:54:44,539 [restartedMain] [INFO ] [KmcgApplication-logStartupProfileInfo] - No active profile set, falling back to default profiles: default
kmcg 2020-05-22 16:54:45,664 [restartedMain] [INFO ] [KmcgApplication-logStarted] - Started KmcgApplication in 1.181 seconds (JVM running for 2861.147)
kmcg 2020-05-22 16:54:46,357 [main] [INFO ] [KmcgApplicationTests-logStarting] - Starting KmcgApplicationTests on ZFZ with PID 1752 (started by Administrator in D:\IdeaWorkSpace\kmcg)
kmcg 2020-05-22 16:54:46,359 [main] [DEBUG] [KmcgApplicationTests-logStarting] - Running with Spring Boot v2.2.6.RELEASE, Spring v5.2.5.RELEASE
kmcg 2020-05-22 16:54:46,360 [main] [INFO ] [KmcgApplicationTests-logStartupProfileInfo] - No active profile set, falling back to default profiles: default
kmcg 2020-05-22 16:54:51,449 [main] [INFO ] [KmcgApplicationTests-logStarted] - Started KmcgApplicationTests in 5.649 seconds (JVM running for 6.76)
kmcg 2020-05-22 17:29:54,848 [restartedMain] [INFO ] [KmcgApplication-logStarting] - Starting KmcgApplication on ZFZ with PID 10264 (D:\IdeaWorkSpace\kmcg\target\classes started by Administrator in D:\IdeaWorkSpace\kmcg)
kmcg 2020-05-22 17:29:54,848 [restartedMain] [DEBUG] [KmcgApplication-logStarting] - Running with Spring Boot v2.2.6.RELEASE, Spring v5.2.5.RELEASE
kmcg 2020-05-22 17:29:54,848 [restartedMain] [INFO ] [KmcgApplication-logStartupProfileInfo] - No active profile set, falling back to default profiles: default
kmcg 2020-05-22 17:29:55,811 [restartedMain] [INFO ] [KmcgApplication-logStarted] - Started KmcgApplication in 1.033 seconds (JVM running for 4971.239)
kmcg 2020-05-22 17:29:58,396 [main] [INFO ] [KmcgApplicationTests-logStarting] - Starting KmcgApplicationTests on ZFZ with PID 8180 (started by Administrator in D:\IdeaWorkSpace\kmcg)
kmcg 2020-05-22 17:29:58,398 [main] [DEBUG] [KmcgApplicationTests-logStarting] - Running with Spring Boot v2.2.6.RELEASE, Spring v5.2.5.RELEASE
kmcg 2020-05-22 17:29:58,399 [main] [INFO ] [KmcgApplicationTests-logStartupProfileInfo] - No active profile set, falling back to default profiles: default
kmcg 2020-05-22 17:30:03,603 [main] [INFO ] [KmcgApplicationTests-logStarted] - Started KmcgApplicationTests in 5.692 seconds (JVM running for 6.675)
kmcg 2020-05-22 17:39:18,149 [restartedMain] [INFO ] [KmcgApplication-logStarting] - Starting KmcgApplication on ZFZ with PID 10264 (D:\IdeaWorkSpace\kmcg\target\classes started by Administrator in D:\IdeaWorkSpace\kmcg)
kmcg 2020-05-22 17:39:18,150 [restartedMain] [DEBUG] [KmcgApplication-logStarting] - Running with Spring Boot v2.2.6.RELEASE, Spring v5.2.5.RELEASE
kmcg 2020-05-22 17:39:18,150 [restartedMain] [INFO ] [KmcgApplication-logStartupProfileInfo] - No active profile set, falling back to default profiles: default
kmcg 2020-05-22 17:39:19,142 [restartedMain] [INFO ] [KmcgApplication-logStarted] - Started KmcgApplication in 1.123 seconds (JVM running for 5534.555)
kmcg 2020-05-22 17:39:22,109 [restartedMain] [INFO ] [KmcgApplication-logStarting] - Starting KmcgApplication on ZFZ with PID 10264 (D:\IdeaWorkSpace\kmcg\target\classes started by Administrator in D:\IdeaWorkSpace\kmcg)
kmcg 2020-05-22 17:39:22,114 [restartedMain] [DEBUG] [KmcgApplication-logStarting] - Running with Spring Boot v2.2.6.RELEASE, Spring v5.2.5.RELEASE
kmcg 2020-05-22 17:39:22,114 [restartedMain] [INFO ] [KmcgApplication-logStartupProfileInfo] - No active profile set, falling back to default profiles: default
kmcg 2020-05-22 17:39:23,158 [restartedMain] [INFO ] [KmcgApplication-logStarted] - Started KmcgApplication in 1.08 seconds (JVM running for 5538.569)
kmcg 2020-05-22 17:39:24,332 [main] [INFO ] [KmcgApplicationTests-logStarting] - Starting KmcgApplicationTests on ZFZ with PID 10820 (started by Administrator in D:\IdeaWorkSpace\kmcg)
kmcg 2020-05-22 17:39:24,334 [main] [DEBUG] [KmcgApplicationTests-logStarting] - Running with Spring Boot v2.2.6.RELEASE, Spring v5.2.5.RELEASE
kmcg 2020-05-22 17:39:24,335 [main] [INFO ] [KmcgApplicationTests-logStartupProfileInfo] - No active profile set, falling back to default profiles: default
kmcg 2020-05-22 17:39:29,315 [main] [INFO ] [KmcgApplicationTests-logStarted] - Started KmcgApplicationTests in 5.627 seconds (JVM running for 6.973)
kmcg 2020-05-23 09:21:43,163 [restartedMain] [INFO ] [KmcgApplication-logStarting] - Starting KmcgApplication on ZFZ with PID 10264 (D:\IdeaWorkSpace\kmcg\target\classes started by Administrator in D:\IdeaWorkSpace\kmcg)
kmcg 2020-05-23 09:21:43,164 [restartedMain] [DEBUG] [KmcgApplication-logStarting] - Running with Spring Boot v2.2.6.RELEASE, Spring v5.2.5.RELEASE
kmcg 2020-05-23 09:21:43,164 [restartedMain] [INFO ] [KmcgApplication-logStartupProfileInfo] - No active profile set, falling back to default profiles: default
kmcg 2020-05-23 09:21:44,332 [restartedMain] [INFO ] [KmcgApplication-logStarted] - Started KmcgApplication in 1.305 seconds (JVM running for 62078.283)
kmcg 2020-05-23 09:21:46,671 [main] [INFO ] [KmcgApplicationTests-logStarting] - Starting KmcgApplicationTests on ZFZ with PID 7264 (started by Administrator in D:\IdeaWorkSpace\kmcg)
kmcg 2020-05-23 09:21:46,673 [main] [DEBUG] [KmcgApplicationTests-logStarting] - Running with Spring Boot v2.2.6.RELEASE, Spring v5.2.5.RELEASE
kmcg 2020-05-23 09:21:46,674 [main] [INFO ] [KmcgApplicationTests-logStartupProfileInfo] - No active profile set, falling back to default profiles: default
kmcg 2020-05-23 09:21:51,737 [main] [INFO ] [KmcgApplicationTests-logStarted] - Started KmcgApplicationTests in 5.677 seconds (JVM running for 6.651)
